<?xml version="1.0" encoding="UTF-8"?>
<testsuites>
  <testsuite name="fastlane.lanes">
    
    
    
      
      <testcase classname="fastlane.lanes" name="0: default_platform" time="0.000189">
        
      </testcase>
    
      
      <testcase classname="fastlane.lanes" name="1: keytool -genkey -v -storetype PKCS12 -keyalg RSA -keysize 2048 -validity 10000 -storepass &apos;android&apos; -keypass &apos;android&apos; -alias androidreleasekey -keystore android/app/release.keystore -dname &apos;CN=io.mosip.residentapp,OU=,O=,L=,S=,C=US&apos;" time="0.534973">
        
          <failure message="/opt/homebrew/Cellar/fastlane/2.212.2/libexec/gems/fastlane-2.212.2/fastlane/lib/fastlane/actions/actions_helper.rb:67:in `execute_action&apos;&#10;/opt/homebrew/Cellar/fastlane/2.212.2/libexec/gems/fastlane-2.212.2/fastlane/lib/fastlane/fast_file.rb:222:in `sh&apos;&#10;/opt/homebrew/Cellar/fastlane/2.212.2/libexec/gems/fastlane-2.212.2/fastlane/lib/fastlane/fast_file.rb:216:in `sh&apos;&#10;Fastfile:33:in `block (2 levels) in parsing_binding&apos;&#10;/opt/homebrew/Cellar/fastlane/2.212.2/libexec/gems/fastlane-2.212.2/fastlane/lib/fastlane/lane.rb:33:in `call&apos;&#10;/opt/homebrew/Cellar/fastlane/2.212.2/libexec/gems/fastlane-2.212.2/fastlane/lib/fastlane/runner.rb:49:in `block in execute&apos;&#10;/opt/homebrew/Cellar/fastlane/2.212.2/libexec/gems/fastlane-2.212.2/fastlane/lib/fastlane/runner.rb:45:in `chdir&apos;&#10;/opt/homebrew/Cellar/fastlane/2.212.2/libexec/gems/fastlane-2.212.2/fastlane/lib/fastlane/runner.rb:45:in `execute&apos;&#10;/opt/homebrew/Cellar/fastlane/2.212.2/libexec/gems/fastlane-2.212.2/fastlane/lib/fastlane/lane_manager.rb:47:in `cruise_lane&apos;&#10;/opt/homebrew/Cellar/fastlane/2.212.2/libexec/gems/fastlane-2.212.2/fastlane/lib/fastlane/command_line_handler.rb:36:in `handle&apos;&#10;/opt/homebrew/Cellar/fastlane/2.212.2/libexec/gems/fastlane-2.212.2/fastlane/lib/fastlane/commands_generator.rb:110:in `block (2 levels) in run&apos;&#10;/opt/homebrew/Cellar/fastlane/2.212.2/libexec/gems/commander-4.6.0/lib/commander/command.rb:187:in `call&apos;&#10;/opt/homebrew/Cellar/fastlane/2.212.2/libexec/gems/commander-4.6.0/lib/commander/command.rb:157:in `run&apos;&#10;/opt/homebrew/Cellar/fastlane/2.212.2/libexec/gems/commander-4.6.0/lib/commander/runner.rb:444:in `run_active_command&apos;&#10;/opt/homebrew/Cellar/fastlane/2.212.2/libexec/gems/fastlane-2.212.2/fastlane_core/lib/fastlane_core/ui/fastlane_runner.rb:124:in `run!&apos;&#10;/opt/homebrew/Cellar/fastlane/2.212.2/libexec/gems/commander-4.6.0/lib/commander/delegates.rb:18:in `run!&apos;&#10;/opt/homebrew/Cellar/fastlane/2.212.2/libexec/gems/fastlane-2.212.2/fastlane/lib/fastlane/commands_generator.rb:354:in `run&apos;&#10;/opt/homebrew/Cellar/fastlane/2.212.2/libexec/gems/fastlane-2.212.2/fastlane/lib/fastlane/commands_generator.rb:43:in `start&apos;&#10;/opt/homebrew/Cellar/fastlane/2.212.2/libexec/gems/fastlane-2.212.2/fastlane/lib/fastlane/cli_tools_distributor.rb:123:in `take_off&apos;&#10;/opt/homebrew/Cellar/fastlane/2.212.2/libexec/gems/fastlane-2.212.2/bin/fastlane:23:in `&lt;top (required)&gt;&apos;&#10;/opt/homebrew/Cellar/fastlane/2.212.2/libexec/bin/fastlane:25:in `load&apos;&#10;/opt/homebrew/Cellar/fastlane/2.212.2/libexec/bin/fastlane:25:in `&lt;main&gt;&apos;&#10;&#10;Exit status of command &apos;keytool -genkey -v -storetype PKCS12 -keyalg RSA -keysize 2048 -validity 10000 -storepass &apos;android&apos; -keypass &apos;android&apos; -alias androidreleasekey -keystore android/app/release.keystore -dname &apos;CN=io.mosip.residentapp,OU=,O=,L=,S=,C=US&apos;&apos; was 1 instead of 0.&#10;Generating 2,048 bit RSA key pair and self-signed certificate (SHA256withRSA) with a validity of 10,000 days&#10;	for: CN=io.mosip.residentapp, OU=, O=, L=, ST=, C=US&#10;[Storing android/app/release.keystore]&#10;keytool error: java.io.FileNotFoundException: android/app/release.keystore (No such file or directory)&#10;java.io.FileNotFoundException: android/app/release.keystore (No such file or directory)&#10;	at java.base/java.io.FileOutputStream.open0(Native Method)&#10;	at java.base/java.io.FileOutputStream.open(FileOutputStream.java:298)&#10;	at java.base/java.io.FileOutputStream.&lt;init&gt;(FileOutputStream.java:237)&#10;	at java.base/java.io.FileOutputStream.&lt;init&gt;(FileOutputStream.java:126)&#10;	at java.base/sun.security.tools.keytool.Main.doCommands(Main.java:1348)&#10;	at java.base/sun.security.tools.keytool.Main.run(Main.java:412)&#10;	at java.base/sun.security.tools.keytool.Main.main(Main.java:405)&#10;" />
        
      </testcase>
    
  </testsuite>
</testsuites>
